0 info it worked if it ends with ok
1 verbose cli [ '/usr/bin/nodejs',
1 verbose cli   '/usr/bin/npm',
1 verbose cli   '--no-git-tag-version',
1 verbose cli   'version',
1 verbose cli   'patch' ]
2 info using npm@3.10.10
3 info using node@v6.10.3
4 error version No valid package.json found
5 verbose stack Error: Error: ENOENT: no such file or directory, open '/home/james/Mathematics/Peanos-Axioms/package.json'
5 verbose stack     at ReadFileContext.<anonymous> (/usr/lib/node_modules/npm/lib/version.js:111:23)
5 verbose stack     at ReadFileContext.callback (/usr/lib/node_modules/npm/node_modules/graceful-fs/graceful-fs.js:78:16)
5 verbose stack     at FSReqWrap.readFileAfterOpen [as oncomplete] (fs.js:366:13)
6 verbose cwd /home/james/Mathematics/Peanos-Axioms
7 error Linux 4.4.0-78-generic
8 error argv "/usr/bin/nodejs" "/usr/bin/npm" "--no-git-tag-version" "version" "patch"
9 error node v6.10.3
10 error npm  v3.10.10
11 error code [ 'Error: ENOENT',
11 error code   'ENOENT',
11 error code   index: 0,
11 error code   input: 'Error: ENOENT: no such file or directory, open \'/home/james/Mathematics/Peanos-Axioms/package.json\'' ]
12 error Error: ENOENT: no such file or directory, open '/home/james/Mathematics/Peanos-Axioms/package.json'
13 error If you need help, you may report this error at:
13 error     <https://github.com/npm/npm/issues>
14 verbose exit [ 1, true ]
